  Building Custom Rule C:/Users/11386/Desktop/wxPython_WallpaperEngine/lib265/libde265-1.0.12/libde265/x86/CMakeLists.txt
  sse-motion.cc
C:\Users\11386\Desktop\wxPython_WallpaperEngine\lib265\libde265-1.0.12\libde265\x86\sse-motion.cc(3530,68): warning C4309: “参数”: 截断常量值
C:\Users\11386\Desktop\wxPython_WallpaperEngine\lib265\libde265-1.0.12\libde265\x86\sse-motion.cc(3530,58): warning C4309: “参数”: 截断常量值
C:\Users\11386\Desktop\wxPython_WallpaperEngine\lib265\libde265-1.0.12\libde265\x86\sse-motion.cc(3530,48): warning C4309: “参数”: 截断常量值
C:\Users\11386\Desktop\wxPython_WallpaperEngine\lib265\libde265-1.0.12\libde265\x86\sse-motion.cc(3530,38): warning C4309: “参数”: 截断常量值
C:\Users\11386\Desktop\wxPython_WallpaperEngine\lib265\libde265-1.0.12\libde265\x86\sse-motion.cc(3532,68): warning C4309: “参数”: 截断常量值
C:\Users\11386\Desktop\wxPython_WallpaperEngine\lib265\libde265-1.0.12\libde265\x86\sse-motion.cc(3532,58): warning C4309: “参数”: 截断常量值
C:\Users\11386\Desktop\wxPython_WallpaperEngine\lib265\libde265-1.0.12\libde265\x86\sse-motion.cc(3532,48): warning C4309: “参数”: 截断常量值
C:\Users\11386\Desktop\wxPython_WallpaperEngine\lib265\libde265-1.0.12\libde265\x86\sse-motion.cc(3532,38): warning C4309: “参数”: 截断常量值
C:\Users\11386\Desktop\wxPython_WallpaperEngine\lib265\libde265-1.0.12\libde265\x86\sse-motion.cc(3713,68): warning C4309: “参数”: 截断常量值
C:\Users\11386\Desktop\wxPython_WallpaperEngine\lib265\libde265-1.0.12\libde265\x86\sse-motion.cc(3713,58): warning C4309: “参数”: 截断常量值
C:\Users\11386\Desktop\wxPython_WallpaperEngine\lib265\libde265-1.0.12\libde265\x86\sse-motion.cc(3713,48): warning C4309: “参数”: 截断常量值
C:\Users\11386\Desktop\wxPython_WallpaperEngine\lib265\libde265-1.0.12\libde265\x86\sse-motion.cc(3713,38): warning C4309: “参数”: 截断常量值
C:\Users\11386\Desktop\wxPython_WallpaperEngine\lib265\libde265-1.0.12\libde265\x86\sse-motion.cc(3715,68): warning C4309: “参数”: 截断常量值
C:\Users\11386\Desktop\wxPython_WallpaperEngine\lib265\libde265-1.0.12\libde265\x86\sse-motion.cc(3715,58): warning C4309: “参数”: 截断常量值
C:\Users\11386\Desktop\wxPython_WallpaperEngine\lib265\libde265-1.0.12\libde265\x86\sse-motion.cc(3715,48): warning C4309: “参数”: 截断常量值
C:\Users\11386\Desktop\wxPython_WallpaperEngine\lib265\libde265-1.0.12\libde265\x86\sse-motion.cc(3715,38): warning C4309: “参数”: 截断常量值
C:\Users\11386\Desktop\wxPython_WallpaperEngine\lib265\libde265-1.0.12\libde265\x86\sse-motion.cc(3890,68): warning C4309: “参数”: 截断常量值
C:\Users\11386\Desktop\wxPython_WallpaperEngine\lib265\libde265-1.0.12\libde265\x86\sse-motion.cc(3890,58): warning C4309: “参数”: 截断常量值
C:\Users\11386\Desktop\wxPython_WallpaperEngine\lib265\libde265-1.0.12\libde265\x86\sse-motion.cc(3890,48): warning C4309: “参数”: 截断常量值
C:\Users\11386\Desktop\wxPython_WallpaperEngine\lib265\libde265-1.0.12\libde265\x86\sse-motion.cc(3890,38): warning C4309: “参数”: 截断常量值
C:\Users\11386\Desktop\wxPython_WallpaperEngine\lib265\libde265-1.0.12\libde265\x86\sse-motion.cc(3892,68): warning C4309: “参数”: 截断常量值
C:\Users\11386\Desktop\wxPython_WallpaperEngine\lib265\libde265-1.0.12\libde265\x86\sse-motion.cc(3892,58): warning C4309: “参数”: 截断常量值
C:\Users\11386\Desktop\wxPython_WallpaperEngine\lib265\libde265-1.0.12\libde265\x86\sse-motion.cc(3892,48): warning C4309: “参数”: 截断常量值
C:\Users\11386\Desktop\wxPython_WallpaperEngine\lib265\libde265-1.0.12\libde265\x86\sse-motion.cc(3892,38): warning C4309: “参数”: 截断常量值
C:\Users\11386\Desktop\wxPython_WallpaperEngine\lib265\libde265-1.0.12\libde265\x86\sse-motion.cc(4061,68): warning C4309: “参数”: 截断常量值
C:\Users\11386\Desktop\wxPython_WallpaperEngine\lib265\libde265-1.0.12\libde265\x86\sse-motion.cc(4061,58): warning C4309: “参数”: 截断常量值
C:\Users\11386\Desktop\wxPython_WallpaperEngine\lib265\libde265-1.0.12\libde265\x86\sse-motion.cc(4061,48): warning C4309: “参数”: 截断常量值
C:\Users\11386\Desktop\wxPython_WallpaperEngine\lib265\libde265-1.0.12\libde265\x86\sse-motion.cc(4061,38): warning C4309: “参数”: 截断常量值
C:\Users\11386\Desktop\wxPython_WallpaperEngine\lib265\libde265-1.0.12\libde265\x86\sse-motion.cc(4063,68): warning C4309: “参数”: 截断常量值
C:\Users\11386\Desktop\wxPython_WallpaperEngine\lib265\libde265-1.0.12\libde265\x86\sse-motion.cc(4063,58): warning C4309: “参数”: 截断常量值
C:\Users\11386\Desktop\wxPython_WallpaperEngine\lib265\libde265-1.0.12\libde265\x86\sse-motion.cc(4063,48): warning C4309: “参数”: 截断常量值
C:\Users\11386\Desktop\wxPython_WallpaperEngine\lib265\libde265-1.0.12\libde265\x86\sse-motion.cc(4063,38): warning C4309: “参数”: 截断常量值
C:\Users\11386\Desktop\wxPython_WallpaperEngine\lib265\libde265-1.0.12\libde265\x86\sse-motion.cc(4244,68): warning C4309: “参数”: 截断常量值
C:\Users\11386\Desktop\wxPython_WallpaperEngine\lib265\libde265-1.0.12\libde265\x86\sse-motion.cc(4244,58): warning C4309: “参数”: 截断常量值
C:\Users\11386\Desktop\wxPython_WallpaperEngine\lib265\libde265-1.0.12\libde265\x86\sse-motion.cc(4244,48): warning C4309: “参数”: 截断常量值
C:\Users\11386\Desktop\wxPython_WallpaperEngine\lib265\libde265-1.0.12\libde265\x86\sse-motion.cc(4244,38): warning C4309: “参数”: 截断常量值
C:\Users\11386\Desktop\wxPython_WallpaperEngine\lib265\libde265-1.0.12\libde265\x86\sse-motion.cc(4246,68): warning C4309: “参数”: 截断常量值
C:\Users\11386\Desktop\wxPython_WallpaperEngine\lib265\libde265-1.0.12\libde265\x86\sse-motion.cc(4246,58): warning C4309: “参数”: 截断常量值
C:\Users\11386\Desktop\wxPython_WallpaperEngine\lib265\libde265-1.0.12\libde265\x86\sse-motion.cc(4246,48): warning C4309: “参数”: 截断常量值
C:\Users\11386\Desktop\wxPython_WallpaperEngine\lib265\libde265-1.0.12\libde265\x86\sse-motion.cc(4246,38): warning C4309: “参数”: 截断常量值
C:\Users\11386\Desktop\wxPython_WallpaperEngine\lib265\libde265-1.0.12\libde265\x86\sse-motion.cc(4422,68): warning C4309: “参数”: 截断常量值
C:\Users\11386\Desktop\wxPython_WallpaperEngine\lib265\libde265-1.0.12\libde265\x86\sse-motion.cc(4422,58): warning C4309: “参数”: 截断常量值
C:\Users\11386\Desktop\wxPython_WallpaperEngine\lib265\libde265-1.0.12\libde265\x86\sse-motion.cc(4422,48): warning C4309: “参数”: 截断常量值
C:\Users\11386\Desktop\wxPython_WallpaperEngine\lib265\libde265-1.0.12\libde265\x86\sse-motion.cc(4422,38): warning C4309: “参数”: 截断常量值
C:\Users\11386\Desktop\wxPython_WallpaperEngine\lib265\libde265-1.0.12\libde265\x86\sse-motion.cc(4424,68): warning C4309: “参数”: 截断常量值
C:\Users\11386\Desktop\wxPython_WallpaperEngine\lib265\libde265-1.0.12\libde265\x86\sse-motion.cc(4424,58): warning C4309: “参数”: 截断常量值
C:\Users\11386\Desktop\wxPython_WallpaperEngine\lib265\libde265-1.0.12\libde265\x86\sse-motion.cc(4424,48): warning C4309: “参数”: 截断常量值
C:\Users\11386\Desktop\wxPython_WallpaperEngine\lib265\libde265-1.0.12\libde265\x86\sse-motion.cc(4424,38): warning C4309: “参数”: 截断常量值
C:\Users\11386\Desktop\wxPython_WallpaperEngine\lib265\libde265-1.0.12\libde265\x86\sse-motion.cc(4595,68): warning C4309: “参数”: 截断常量值
C:\Users\11386\Desktop\wxPython_WallpaperEngine\lib265\libde265-1.0.12\libde265\x86\sse-motion.cc(4595,58): warning C4309: “参数”: 截断常量值
C:\Users\11386\Desktop\wxPython_WallpaperEngine\lib265\libde265-1.0.12\libde265\x86\sse-motion.cc(4595,48): warning C4309: “参数”: 截断常量值
C:\Users\11386\Desktop\wxPython_WallpaperEngine\lib265\libde265-1.0.12\libde265\x86\sse-motion.cc(4595,38): warning C4309: “参数”: 截断常量值
C:\Users\11386\Desktop\wxPython_WallpaperEngine\lib265\libde265-1.0.12\libde265\x86\sse-motion.cc(4597,68): warning C4309: “参数”: 截断常量值
C:\Users\11386\Desktop\wxPython_WallpaperEngine\lib265\libde265-1.0.12\libde265\x86\sse-motion.cc(4597,58): warning C4309: “参数”: 截断常量值
C:\Users\11386\Desktop\wxPython_WallpaperEngine\lib265\libde265-1.0.12\libde265\x86\sse-motion.cc(4597,48): warning C4309: “参数”: 截断常量值
C:\Users\11386\Desktop\wxPython_WallpaperEngine\lib265\libde265-1.0.12\libde265\x86\sse-motion.cc(4597,38): warning C4309: “参数”: 截断常量值
C:\Users\11386\Desktop\wxPython_WallpaperEngine\lib265\libde265-1.0.12\libde265\x86\sse-motion.cc(4781,68): warning C4309: “参数”: 截断常量值
C:\Users\11386\Desktop\wxPython_WallpaperEngine\lib265\libde265-1.0.12\libde265\x86\sse-motion.cc(4781,58): warning C4309: “参数”: 截断常量值
C:\Users\11386\Desktop\wxPython_WallpaperEngine\lib265\libde265-1.0.12\libde265\x86\sse-motion.cc(4781,48): warning C4309: “参数”: 截断常量值
C:\Users\11386\Desktop\wxPython_WallpaperEngine\lib265\libde265-1.0.12\libde265\x86\sse-motion.cc(4781,38): warning C4309: “参数”: 截断常量值
C:\Users\11386\Desktop\wxPython_WallpaperEngine\lib265\libde265-1.0.12\libde265\x86\sse-motion.cc(4783,68): warning C4309: “参数”: 截断常量值
C:\Users\11386\Desktop\wxPython_WallpaperEngine\lib265\libde265-1.0.12\libde265\x86\sse-motion.cc(4783,58): warning C4309: “参数”: 截断常量值
C:\Users\11386\Desktop\wxPython_WallpaperEngine\lib265\libde265-1.0.12\libde265\x86\sse-motion.cc(4783,48): warning C4309: “参数”: 截断常量值
C:\Users\11386\Desktop\wxPython_WallpaperEngine\lib265\libde265-1.0.12\libde265\x86\sse-motion.cc(4783,38): warning C4309: “参数”: 截断常量值
C:\Users\11386\Desktop\wxPython_WallpaperEngine\lib265\libde265-1.0.12\libde265\x86\sse-motion.cc(4961,68): warning C4309: “参数”: 截断常量值
C:\Users\11386\Desktop\wxPython_WallpaperEngine\lib265\libde265-1.0.12\libde265\x86\sse-motion.cc(4961,58): warning C4309: “参数”: 截断常量值
C:\Users\11386\Desktop\wxPython_WallpaperEngine\lib265\libde265-1.0.12\libde265\x86\sse-motion.cc(4961,48): warning C4309: “参数”: 截断常量值
C:\Users\11386\Desktop\wxPython_WallpaperEngine\lib265\libde265-1.0.12\libde265\x86\sse-motion.cc(4961,38): warning C4309: “参数”: 截断常量值
C:\Users\11386\Desktop\wxPython_WallpaperEngine\lib265\libde265-1.0.12\libde265\x86\sse-motion.cc(4963,68): warning C4309: “参数”: 截断常量值
C:\Users\11386\Desktop\wxPython_WallpaperEngine\lib265\libde265-1.0.12\libde265\x86\sse-motion.cc(4963,58): warning C4309: “参数”: 截断常量值
C:\Users\11386\Desktop\wxPython_WallpaperEngine\lib265\libde265-1.0.12\libde265\x86\sse-motion.cc(4963,48): warning C4309: “参数”: 截断常量值
C:\Users\11386\Desktop\wxPython_WallpaperEngine\lib265\libde265-1.0.12\libde265\x86\sse-motion.cc(4963,38): warning C4309: “参数”: 截断常量值
  sse-dct.cc
  正在生成代码...
  x86_sse.vcxproj -> C:\Users\11386\Desktop\wxPython_WallpaperEngine\lib265\libde265-1.0.12\build\libde265\x86\x86_sse.dir\MinSizeRel\x86_sse.lib
